#
# There is insufficient memory for the Java Runtime Environment to continue.
# Native memory allocation (mmap) failed to map 264241152 bytes for G1 virtual space
# Possible reasons:
#   The system is out of physical RAM or swap space
#   The process is running with CompressedOops enabled, and the Java Heap may be blocking the growth of the native heap
# Possible solutions:
#   Reduce memory load on the system
#   Increase physical memory or swap space
#   Check if swap backing store is full
#   Decrease Java heap size (-Xmx/-Xms)
#   Decrease number of Java threads
#   Decrease Java thread stack sizes (-Xss)
#   Set larger code cache with -XX:ReservedCodeCacheSize=
#   JVM is running with Zero Based Compressed Oops mode in which the Java heap is
#     placed in the first 32GB address space. The Java Heap base address is the
#     maximum limit for the native heap growth. Please use -XX:HeapBaseMinAddress
#     to set the Java Heap base and to place the Java Heap above 32GB virtual address.
# This output file may be truncated or incomplete.
#
#  Out of Memory Error (os_windows.cpp:3600), pid=18736, tid=10140
#
# JRE version:  (21.0.2+13) (build )
# Java VM: Java HotSpot(TM) 64-Bit Server VM (21.0.2+13-LTS-58, mixed mode, sharing, tiered, compressed oops, compressed class ptrs, g1 gc, windows-amd64)
# No core dump will be written. Minidumps are not enabled by default on client versions of Windows
#

---------------  S U M M A R Y ------------

Command Line: -Dmaven.multiModuleProjectDirectory=D:\Plugin\flex -Djansi.passthrough=true -Dmaven.home=C:\Program Files\JetBrains\IntelliJ IDEA Community Edition 2024.1\plugins\maven\lib\maven3 -Dclassworlds.conf=C:\Program Files\JetBrains\IntelliJ IDEA Community Edition 2024.1\plugins\maven\lib\maven3\bin\m2.conf -Dmaven.ext.class.path=C:\Program Files\JetBrains\IntelliJ IDEA Community Edition 2024.1\plugins\maven\lib\maven-event-listener.jar -javaagent:C:\Program Files\JetBrains\IntelliJ IDEA Community Edition 2024.1\lib\idea_rt.jar=51193:C:\Program Files\JetBrains\IntelliJ IDEA Community Edition 2024.1\bin -Dfile.encoding=UTF-8 -Dsun.stdout.encoding=UTF-8 -Dsun.stderr.encoding=UTF-8 org.codehaus.classworlds.Launcher -Didea.version=2024.1.7 clean package

Host: 11th Gen Intel(R) Core(TM) i5-11300H @ 3.10GHz, 8 cores, 15G,  Windows 11 , 64 bit Build 26100 (10.0.26100.3323)
Time: Sun Mar 30 13:09:04 2025 India Standard Time elapsed time: 1.032769 seconds (0d 0h 0m 1s)

---------------  T H R E A D  ---------------

Current thread (0x0000020432266730):  JavaThread "Unknown thread" [_thread_in_vm, id=10140, stack(0x0000003dcb300000,0x0000003dcb400000) (1024K)]

Stack: [0x0000003dcb300000,0x0000003dcb400000]
Native frames: (J=compiled Java code, j=interpreted, Vv=VM code, C=native code)
V  [jvm.dll+0x6cade9]
V  [jvm.dll+0x8569c1]
V  [jvm.dll+0x858d2e]
V  [jvm.dll+0x859413]
V  [jvm.dll+0x280e56]
V  [jvm.dll+0x6c74d5]
V  [jvm.dll+0x6bbeca]
V  [jvm.dll+0x355bca]
V  [jvm.dll+0x35d816]
V  [jvm.dll+0x3ae67e]
V  [jvm.dll+0x3ae928]
V  [jvm.dll+0x3295dc]
V  [jvm.dll+0x32a16b]
V  [jvm.dll+0x81efa9]
V  [jvm.dll+0x3bba01]
V  [jvm.dll+0x807928]
V  [jvm.dll+0x44f50e]
V  [jvm.dll+0x450e11]
C  [jli.dll+0x52a3]
C  [ucrtbase.dll+0x37b0]
C  [KERNEL32.DLL+0x2e8d7]
C  [ntdll.dll+0xbbf6c]


---------------  P R O C E S S  ---------------

Threads class SMR info:
_java_thread_list=0x00007fff4e71bb88, length=0, elements={
}

Java Threads: ( => current thread )
Total: 0

Other Threads:
  0x00000204325900c0 WorkerThread "GC Thread#0"                     [id=536, stack(0x0000003dcb400000,0x0000003dcb500000) (1024K)]
  0x00000204325a1970 ConcurrentGCThread "G1 Main Marker"            [id=10388, stack(0x0000003dcb500000,0x0000003dcb600000) (1024K)]
  0x00000204325a2380 WorkerThread "G1 Conc#0"                       [id=18616, stack(0x0000003dcb600000,0x0000003dcb700000) (1024K)]

[error occurred during error reporting (printing all threads), id 0xc0000005, EXCEPTION_ACCESS_VIOLATION (0xc0000005) at pc=0x00007fff4de8c6a7]
VM state: not at safepoint (not fully initialized)

VM Mutex/Monitor currently owned by a thread:  ([mutex/lock_event])
[0x00007fff4e78ce68] Heap_lock - owner thread: 0x0000020432266730

Heap address: 0x0000000704c00000, size: 4020 MB, Compressed Oops mode: Zero based, Oop shift amount: 3

CDS archive(s) mapped at: [0x0000000000000000-0x0000000000000000-0x0000000000000000), size 0, SharedBaseAddress: 0x0000000800000000, ArchiveRelocationMode: 1.
Narrow klass base: 0x0000000000000000, Narrow klass shift: 0, Narrow klass range: 0x0

GC Precious Log:
 CardTable entry size: 512
 Card Set container configuration: InlinePtr #cards 4 size 8 Array Of Cards #cards 16 size 48 Howl #buckets 8 coarsen threshold 3686 Howl Bitmap #cards 512 size 80 coarsen threshold 460 Card regions per heap region 1 cards per card region 4096

Heap:
 garbage-first heap   total 0K, used 0K [0x0000000704c00000, 0x0000000800000000)
  region size 2048K, 0 young (0K), 0 survivors (0K)

[error occurred during error reporting (printing heap information), id 0xc0000005, EXCEPTION_ACCESS_VIOLATION (0xc0000005) at pc=0x00007fff4e2739f9]
GC Heap History (0 events):
No events

Dll operation events (1 events):
Event: 0.014 Loaded shared library C:\Program Files\Java\jdk-21\bin\java.dll

Deoptimization events (0 events):
No events

Classes loaded (0 events):
No events

Classes unloaded (0 events):
No events

Classes redefined (0 events):
No events

Internal exceptions (0 events):
No events

ZGC Phase Switch (0 events):
No events

VM Operations (0 events):
No events

Events (0 events):
No events


Dynamic libraries:
0x00007ff759ee0000 - 0x00007ff759ef0000 	C:\Program Files\Java\jdk-21\bin\java.exe
0x00007fffa8f60000 - 0x00007fffa91c3000 	C:\WINDOWS\SYSTEM32\ntdll.dll
0x00007fffa8b80000 - 0x00007fffa8c47000 	C:\WINDOWS\System32\KERNEL32.DLL
0x00007fffa6650000 - 0x00007fffa6a19000 	C:\WINDOWS\System32\KERNELBASE.dll
0x00007fffa6ae0000 - 0x00007fffa6c2c000 	C:\WINDOWS\System32\ucrtbase.dll
0x00007fff9e410000 - 0x00007fff9e429000 	C:\Program Files\Java\jdk-21\bin\jli.dll
0x00007fff99900000 - 0x00007fff9991b000 	C:\Program Files\Java\jdk-21\bin\VCRUNTIME140.dll
0x00007fffa8960000 - 0x00007fffa8a12000 	C:\WINDOWS\System32\ADVAPI32.dll
0x00007fffa87d0000 - 0x00007fffa8879000 	C:\WINDOWS\System32\msvcrt.dll
0x00007fffa78f0000 - 0x00007fffa7996000 	C:\WINDOWS\System32\sechost.dll
0x00007fffa80b0000 - 0x00007fffa81c6000 	C:\WINDOWS\System32\RPCRT4.dll
0x00007fffa6e00000 - 0x00007fffa6fca000 	C:\WINDOWS\System32\USER32.dll
0x00007fffa6160000 - 0x00007fffa6187000 	C:\WINDOWS\System32\win32u.dll
0x00007fff8bc10000 - 0x00007fff8bea0000 	C:\WINDOWS\WinSxS\amd64_microsoft.windows.common-controls_6595b64144ccf1df_6.0.26100.3323_none_3e088096e3344490\COMCTL32.dll
0x00007fffa8e80000 - 0x00007fffa8eaa000 	C:\WINDOWS\System32\GDI32.dll
0x00007fffa6190000 - 0x00007fffa62c1000 	C:\WINDOWS\System32\gdi32full.dll
0x00007fffa6cd0000 - 0x00007fffa6d73000 	C:\WINDOWS\System32\msvcp_win.dll
0x00007fff9c480000 - 0x00007fff9c48b000 	C:\WINDOWS\SYSTEM32\VERSION.dll
0x00007fffa78b0000 - 0x00007fffa78df000 	C:\WINDOWS\System32\IMM32.DLL
0x00007fff99ce0000 - 0x00007fff99cec000 	C:\Program Files\Java\jdk-21\bin\vcruntime140_1.dll
0x00007fff7f320000 - 0x00007fff7f3ae000 	C:\Program Files\Java\jdk-21\bin\msvcp140.dll
0x00007fff4db50000 - 0x00007fff4e867000 	C:\Program Files\Java\jdk-21\bin\server\jvm.dll
0x00007fffa8740000 - 0x00007fffa87b4000 	C:\WINDOWS\System32\WS2_32.dll
0x00007fffa4e10000 - 0x00007fffa4e5e000 	C:\WINDOWS\SYSTEM32\POWRPROF.dll
0x00007fff9a5e0000 - 0x00007fff9a616000 	C:\WINDOWS\SYSTEM32\WINMM.dll
0x00007fffa4df0000 - 0x00007fffa4e04000 	C:\WINDOWS\SYSTEM32\UMPDC.dll
0x00007fffa5090000 - 0x00007fffa50aa000 	C:\WINDOWS\SYSTEM32\kernel.appcore.dll
0x00007fff99ad0000 - 0x00007fff99ada000 	C:\Program Files\Java\jdk-21\bin\jimage.dll
0x00007fffa39a0000 - 0x00007fffa3be1000 	C:\WINDOWS\SYSTEM32\DBGHELP.DLL
0x00007fffa7b40000 - 0x00007fffa7ec2000 	C:\WINDOWS\System32\combase.dll
0x00007fffa8880000 - 0x00007fffa8956000 	C:\WINDOWS\System32\OLEAUT32.dll
0x00007fff7fa90000 - 0x00007fff7fac9000 	C:\WINDOWS\SYSTEM32\dbgcore.DLL
0x00007fffa6c30000 - 0x00007fffa6cc9000 	C:\WINDOWS\System32\bcryptPrimitives.dll
0x00007fff9bf30000 - 0x00007fff9bf3f000 	C:\Program Files\Java\jdk-21\bin\instrument.dll
0x00007fff99820000 - 0x00007fff9983f000 	C:\Program Files\Java\jdk-21\bin\java.dll

dbghelp: loaded successfully - version: 4.0.5 - missing functions: none
symbol engine: initialized successfully - sym options: 0x614 - pdb path: .;C:\Program Files\Java\jdk-21\bin;C:\WINDOWS\SYSTEM32;C:\WINDOWS\WinSxS\amd64_microsoft.windows.common-controls_6595b64144ccf1df_6.0.26100.3323_none_3e088096e3344490;C:\Program Files\Java\jdk-21\bin\server

VM Arguments:
jvm_args: -Dmaven.multiModuleProjectDirectory=D:\Plugin\flex -Djansi.passthrough=true -Dmaven.home=C:\Program Files\JetBrains\IntelliJ IDEA Community Edition 2024.1\plugins\maven\lib\maven3 -Dclassworlds.conf=C:\Program Files\JetBrains\IntelliJ IDEA Community Edition 2024.1\plugins\maven\lib\maven3\bin\m2.conf -Dmaven.ext.class.path=C:\Program Files\JetBrains\IntelliJ IDEA Community Edition 2024.1\plugins\maven\lib\maven-event-listener.jar -javaagent:C:\Program Files\JetBrains\IntelliJ IDEA Community Edition 2024.1\lib\idea_rt.jar=51193:C:\Program Files\JetBrains\IntelliJ IDEA Community Edition 2024.1\bin -Dfile.encoding=UTF-8 -Dsun.stdout.encoding=UTF-8 -Dsun.stderr.encoding=UTF-8 
java_command: org.codehaus.classworlds.Launcher -Didea.version=2024.1.7 clean package
java_class_path (initial): C:\Program Files\JetBrains\IntelliJ IDEA Community Edition 2024.1\plugins\maven\lib\maven3\boot\plexus-classworlds-2.7.0.jar;C:\Program Files\JetBrains\IntelliJ IDEA Community Edition 2024.1\plugins\maven\lib\maven3\boot\plexus-classworlds.license
Launcher Type: SUN_STANDARD

[Global flags]
     intx CICompilerCount                          = 4                                         {product} {ergonomic}
     uint ConcGCThreads                            = 2                                         {product} {ergonomic}
     uint G1ConcRefinementThreads                  = 8                                         {product} {ergonomic}
   size_t G1HeapRegionSize                         = 2097152                                   {product} {ergonomic}
    uintx GCDrainStackTargetSize                   = 64                                        {product} {ergonomic}
   size_t InitialHeapSize                          = 264241152                                 {product} {ergonomic}
   size_t MarkStackSize                            = 4194304                                   {product} {ergonomic}
   size_t MaxHeapSize                              = 4215275520                                {product} {ergonomic}
   size_t MinHeapDeltaBytes                        = 2097152                                   {product} {ergonomic}
   size_t MinHeapSize                              = 8388608                                   {product} {ergonomic}
    uintx NonNMethodCodeHeapSize                   = 5839372                                {pd product} {ergonomic}
    uintx NonProfiledCodeHeapSize                  = 122909434                              {pd product} {ergonomic}
    uintx ProfiledCodeHeapSize                     = 122909434                              {pd product} {ergonomic}
    uintx ReservedCodeCacheSize                    = 251658240                              {pd product} {ergonomic}
     bool SegmentedCodeCache                       = true                                      {product} {ergonomic}
   size_t SoftMaxHeapSize                          = 4215275520                             {manageable} {ergonomic}
     bool UseCompressedOops                        = true                           {product lp64_product} {ergonomic}
     bool UseG1GC                                  = true                                      {product} {ergonomic}
     bool UseLargePagesIndividualAllocation        = false                                  {pd product} {ergonomic}

Logging:
Log output configuration:
 #0: stdout all=warning uptime,level,tags foldmultilines=false
 #1: stderr all=off uptime,level,tags foldmultilines=false

Environment Variables:
PATH=C:\Program Files (x86)\Razer Chroma SDK\bin;C:\Program Files\Razer Chroma SDK\bin;C:\Program Files (x86)\Razer\ChromaBroadcast\bin;C:\Program Files\Razer\ChromaBroadcast\bin;C:\Program Files\Common Files\Oracle\Java\javapath;C:\Windows\system32;C:\Windows;C:\Windows\System32\Wbem;C:\Windows\System32\WindowsPowerShell\v1.0\;C:\Windows\System32\OpenSSH\;C:\Program Files (x86)\NVIDIA Corporation\PhysX\Common;C:\WINDOWS\system32;C:\WINDOWS;C:\WINDOWS\System32\Wbem;C:\WINDOWS\System32\WindowsPowerShell\v1.0\;C:\WINDOWS\System32\OpenSSH\;C:\Program Files\dotnet\;C:\WINDOWS\system32\config\systemprofile\AppData\Local\Microsoft\WindowsApps;C:\Users\minek\AppData\Local\Microsoft\WindowsApps;C:\Users\minek\AppData\Local\Programs\Microsoft VS Code\bin;C:\Program Files\NVIDIA Corporation\NVIDIA app\NvDLISR;C:\WINDOWS\system32;C:\WINDOWS;C:\WINDOWS\System32\Wbem;C:\WINDOWS\System32\WindowsPowerShell\v1.0\;C:\WINDOWS\System32\OpenSSH\;C:\Program Files\Git\cmd;C:\Program Files\nodejs\;C:\Program Files\playit_gg\bin\;C:\Users\minek\AppData\Local\Programs\Python\Launcher\;C:\Users\minek\AppData\Local\Microsoft\WindowsApps;C:\Users\minek\AppData\Local\GitHubDesktop\bin;C:\Users\minek\AppData\Local\Programs\Microsoft VS Code\bin;C:\Users\minek\AppData\Roaming\npm
USERNAME=minek
OS=Windows_NT
PROCESSOR_IDENTIFIER=Intel64 Family 6 Model 140 Stepping 1, GenuineIntel
TMP=C:\Users\minek\AppData\Local\Temp
TEMP=C:\Users\minek\AppData\Local\Temp




Periodic native trim disabled

---------------  S Y S T E M  ---------------

OS:
 Windows 11 , 64 bit Build 26100 (10.0.26100.3323)
OS uptime: 0 days 1:50 hours

CPU: total 8 (initial active 8) (4 cores per cpu, 2 threads per core) family 6 model 140 stepping 1 microcode 0x86, cx8, cmov, fxsr, ht, mmx, 3dnowpref, sse, sse2, sse3, ssse3, sse4.1, sse4.2, popcnt, lzcnt, tsc, tscinvbit, avx, avx2, aes, erms, clmul, bmi1, bmi2, adx, avx512f, avx512dq, avx512cd, avx512bw, avx512vl, sha, fma, vzeroupper, avx512_vpopcntdq, avx512_vpclmulqdq, avx512_vaes, avx512_vnni, clflush, clflushopt, clwb, avx512_vbmi2, avx512_vbmi, rdtscp, rdpid, fsrm, gfni, avx512_bitalg, f16c, pku, cet_ibt, cet_ss, avx512_ifma
Processor Information for all 8 processors :
  Max Mhz: 3110, Current Mhz: 3110, Mhz Limit: 3110

Memory: 4k page, system-wide physical 16075M (2274M free)
TotalPageFile size 24267M (AvailPageFile size 206M)
current process WorkingSet (physical memory assigned to process): 13M, peak: 13M
current process commit charge ("private bytes"): 60M, peak: 312M

vm_info: Java HotSpot(TM) 64-Bit Server VM (21.0.2+13-LTS-58) for windows-amd64 JRE (21.0.2+13-LTS-58), built on 2024-01-05T18:32:24Z by "mach5one" with MS VC++ 17.1 (VS2022)

END.
